C:\Users\hp\Desktop\Movie\calcpro-FIXED\calcpro-final-build\src\app\calculator\base-converter\Calculator.tsx: line 75, col 21, Error - `"` can be escaped with `&quot;`, `&ldquo;`, `&#34;`, `&rdquo;`. (react/no-unescaped-entities)
C:\Users\hp\Desktop\Movie\calcpro-FIXED\calcpro-final-build\src\app\calculator\base-converter\Calculator.tsx: line 75, col 100, Error - `"` can be escaped with `&quot;`, `&ldquo;`, `&#34;`, `&rdquo;`. (react/no-unescaped-entities)
C:\Users\hp\Desktop\Movie\calcpro-FIXED\calcpro-final-build\src\app\calculator\bmr\Calculator.tsx: line 69, col 74, Error - No duplicate props allowed (react/jsx-no-duplicate-props)
C:\Users\hp\Desktop\Movie\calcpro-FIXED\calcpro-final-build\src\app\calculator\bmr\Calculator.tsx: line 69, col 94, Error - No duplicate props allowed (react/jsx-no-duplicate-props)
C:\Users\hp\Desktop\Movie\calcpro-FIXED\calcpro-final-build\src\app\calculator\bmr\Calculator.tsx: line 74, col 74, Error - No duplicate props allowed (react/jsx-no-duplicate-props)
C:\Users\hp\Desktop\Movie\calcpro-FIXED\calcpro-final-build\src\app\calculator\bmr\Calculator.tsx: line 79, col 74, Error - No duplicate props allowed (react/jsx-no-duplicate-props)
C:\Users\hp\Desktop\Movie\calcpro-FIXED\calcpro-final-build\src\app\calculator\body-fat\Calculator.tsx: line 78, col 78, Error - No duplicate props allowed (react/jsx-no-duplicate-props)
C:\Users\hp\Desktop\Movie\calcpro-FIXED\calcpro-final-build\src\app\calculator\body-fat\Calculator.tsx: line 82, col 78, Error - No duplicate props allowed (react/jsx-no-duplicate-props)
C:\Users\hp\Desktop\Movie\calcpro-FIXED\calcpro-final-build\src\app\calculator\body-fat\Calculator.tsx: line 89, col 78, Error - No duplicate props allowed (react/jsx-no-duplicate-props)
C:\Users\hp\Desktop\Movie\calcpro-FIXED\calcpro-final-build\src\app\calculator\body-fat\Calculator.tsx: line 94, col 80, Error - No duplicate props allowed (react/jsx-no-duplicate-props)
C:\Users\hp\Desktop\Movie\calcpro-FIXED\calcpro-final-build\src\app\calculator\cagr-calculator\Calculator.tsx: line 44, col 78, Error - No duplicate props allowed (react/jsx-no-duplicate-props)
C:\Users\hp\Desktop\Movie\calcpro-FIXED\calcpro-final-build\src\app\calculator\cagr-calculator\Calculator.tsx: line 48, col 78, Error - No duplicate props allowed (react/jsx-no-duplicate-props)
C:\Users\hp\Desktop\Movie\calcpro-FIXED\calcpro-final-build\src\app\calculator\cagr-calculator\Calculator.tsx: line 53, col 76, Error - No duplicate props allowed (react/jsx-no-duplicate-props)
C:\Users\hp\Desktop\Movie\calcpro-FIXED\calcpro-final-build\src\app\calculator\calorie-calculator\Calculator.tsx: line 73, col 80, Error - No duplicate props allowed (react/jsx-no-duplicate-props)
C:\Users\hp\Desktop\Movie\calcpro-FIXED\calcpro-final-build\src\app\calculator\cgpa\Calculator.tsx: line 61, col 82, Error - No duplicate props allowed (react/jsx-no-duplicate-props)
C:\Users\hp\Desktop\Movie\calcpro-FIXED\calcpro-final-build\src\app\calculator\cgpa\Calculator.tsx: line 65, col 82, Error - No duplicate props allowed (react/jsx-no-duplicate-props)
C:\Users\hp\Desktop\Movie\calcpro-FIXED\calcpro-final-build\src\app\calculator\chemistry-molar\Calculator.tsx: line 91, col 21, Error - `"` can be escaped with `&quot;`, `&ldquo;`, `&#34;`, `&rdquo;`. (react/no-unescaped-entities)
C:\Users\hp\Desktop\Movie\calcpro-FIXED\calcpro-final-build\src\app\calculator\chemistry-molar\Calculator.tsx: line 91, col 67, Error - `"` can be escaped with `&quot;`, `&ldquo;`, `&#34;`, `&rdquo;`. (react/no-unescaped-entities)
C:\Users\hp\Desktop\Movie\calcpro-FIXED\calcpro-final-build\src\app\calculator\compound-interest\Calculator.tsx: line 71, col 74, Error - No duplicate props allowed (react/jsx-no-duplicate-props)
C:\Users\hp\Desktop\Movie\calcpro-FIXED\calcpro-final-build\src\app\calculator\compound-interest\Calculator.tsx: line 71, col 94, Error - No duplicate props allowed (react/jsx-no-duplicate-props)
C:\Users\hp\Desktop\Movie\calcpro-FIXED\calcpro-final-build\src\app\calculator\compound-interest\Calculator.tsx: line 80, col 74, Error - No duplicate props allowed (react/jsx-no-duplicate-props)
C:\Users\hp\Desktop\Movie\calcpro-FIXED\calcpro-final-build\src\app\calculator\compound-interest\Calculator.tsx: line 89, col 74, Error - No duplicate props allowed (react/jsx-no-duplicate-props)
C:\Users\hp\Desktop\Movie\calcpro-FIXED\calcpro-final-build\src\app\calculator\compound-interest\Calculator.tsx: line 89, col 94, Error - No duplicate props allowed (react/jsx-no-duplicate-props)
C:\Users\hp\Desktop\Movie\calcpro-FIXED\calcpro-final-build\src\app\calculator\date-duration\Calculator.tsx: line 98, col 24, Error - `"` can be escaped with `&quot;`, `&ldquo;`, `&#34;`, `&rdquo;`. (react/no-unescaped-entities)
C:\Users\hp\Desktop\Movie\calcpro-FIXED\calcpro-final-build\src\app\calculator\date-duration\Calculator.tsx: line 98, col 104, Error - `"` can be escaped with `&quot;`, `&ldquo;`, `&#34;`, `&rdquo;`. (react/no-unescaped-entities)
C:\Users\hp\Desktop\Movie\calcpro-FIXED\calcpro-final-build\src\app\calculator\discount-calculator\Calculator.tsx: line 41, col 78, Error - No duplicate props allowed (react/jsx-no-duplicate-props)
C:\Users\hp\Desktop\Movie\calcpro-FIXED\calcpro-final-build\src\app\calculator\discount-calculator\Calculator.tsx: line 48, col 78, Error - No duplicate props allowed (react/jsx-no-duplicate-props)
C:\Users\hp\Desktop\Movie\calcpro-FIXED\calcpro-final-build\src\app\calculator\fd-calculator\Calculator.tsx: line 61, col 78, Error - No duplicate props allowed (react/jsx-no-duplicate-props)
C:\Users\hp\Desktop\Movie\calcpro-FIXED\calcpro-final-build\src\app\calculator\fd-calculator\Calculator.tsx: line 68, col 78, Error - No duplicate props allowed (react/jsx-no-duplicate-props)
C:\Users\hp\Desktop\Movie\calcpro-FIXED\calcpro-final-build\src\app\calculator\fd-calculator\Calculator.tsx: line 72, col 78, Error - No duplicate props allowed (react/jsx-no-duplicate-props)
C:\Users\hp\Desktop\Movie\calcpro-FIXED\calcpro-final-build\src\app\calculator\fraction-calculator\Calculator.tsx: line 67, col 76, Error - No duplicate props allowed (react/jsx-no-duplicate-props)
C:\Users\hp\Desktop\Movie\calcpro-FIXED\calcpro-final-build\src\app\calculator\fraction-calculator\Calculator.tsx: line 69, col 76, Error - No duplicate props allowed (react/jsx-no-duplicate-props)
C:\Users\hp\Desktop\Movie\calcpro-FIXED\calcpro-final-build\src\app\calculator\fraction-calculator\Calculator.tsx: line 81, col 76, Error - No duplicate props allowed (react/jsx-no-duplicate-props)
C:\Users\hp\Desktop\Movie\calcpro-FIXED\calcpro-final-build\src\app\calculator\fraction-calculator\Calculator.tsx: line 83, col 76, Error - No duplicate props allowed (react/jsx-no-duplicate-props)
C:\Users\hp\Desktop\Movie\calcpro-FIXED\calcpro-final-build\src\app\calculator\ideal-weight\Calculator.tsx: line 62, col 76, Error - No duplicate props allowed (react/jsx-no-duplicate-props)
C:\Users\hp\Desktop\Movie\calcpro-FIXED\calcpro-final-build\src\app\calculator\linear-solver\Calculator.tsx: line 113, col 75, Error - `"` can be escaped with `&quot;`, `&ldquo;`, `&#34;`, `&rdquo;`. (react/no-unescaped-entities)
C:\Users\hp\Desktop\Movie\calcpro-FIXED\calcpro-final-build\src\app\calculator\linear-solver\Calculator.tsx: line 113, col 142, Error - `"` can be escaped with `&quot;`, `&ldquo;`, `&#34;`, `&rdquo;`. (react/no-unescaped-entities)
C:\Users\hp\Desktop\Movie\calcpro-FIXED\calcpro-final-build\src\app\calculator\logarithm-calculator\Calculator.tsx: line 40, col 78, Error - No duplicate props allowed (react/jsx-no-duplicate-props)
C:\Users\hp\Desktop\Movie\calcpro-FIXED\calcpro-final-build\src\app\calculator\logarithm-calculator\Calculator.tsx: line 45, col 78, Error - No duplicate props allowed (react/jsx-no-duplicate-props)
C:\Users\hp\Desktop\Movie\calcpro-FIXED\calcpro-final-build\src\app\calculator\marks-needed\Calculator.tsx: line 44, col 76, Error - No duplicate props allowed (react/jsx-no-duplicate-props)
C:\Users\hp\Desktop\Movie\calcpro-FIXED\calcpro-final-build\src\app\calculator\marks-needed\Calculator.tsx: line 48, col 76, Error - No duplicate props allowed (react/jsx-no-duplicate-props)
C:\Users\hp\Desktop\Movie\calcpro-FIXED\calcpro-final-build\src\app\calculator\marks-needed\Calculator.tsx: line 52, col 76, Error - No duplicate props allowed (react/jsx-no-duplicate-props)
C:\Users\hp\Desktop\Movie\calcpro-FIXED\calcpro-final-build\src\app\calculator\nepal-home-loan\Calculator.tsx: line 57, col 78, Error - No duplicate props allowed (react/jsx-no-duplicate-props)
C:\Users\hp\Desktop\Movie\calcpro-FIXED\calcpro-final-build\src\app\calculator\nepal-home-loan\Calculator.tsx: line 64, col 78, Error - No duplicate props allowed (react/jsx-no-duplicate-props)
C:\Users\hp\Desktop\Movie\calcpro-FIXED\calcpro-final-build\src\app\calculator\nepal-home-loan\Calculator.tsx: line 68, col 78, Error - No duplicate props allowed (react/jsx-no-duplicate-props)
C:\Users\hp\Desktop\Movie\calcpro-FIXED\calcpro-final-build\src\app\calculator\nepal-income-tax\Calculator.tsx: line 203, col 78, Error - No duplicate props allowed (react/jsx-no-duplicate-props)
C:\Users\hp\Desktop\Movie\calcpro-FIXED\calcpro-final-build\src\app\calculator\nepal-income-tax\Calculator.tsx: line 207, col 78, Error - No duplicate props allowed (react/jsx-no-duplicate-props)
C:\Users\hp\Desktop\Movie\calcpro-FIXED\calcpro-final-build\src\app\calculator\nepal-income-tax\Calculator.tsx: line 214, col 78, Error - No duplicate props allowed (react/jsx-no-duplicate-props)
C:\Users\hp\Desktop\Movie\calcpro-FIXED\calcpro-final-build\src\app\calculator\nepal-income-tax\Calculator.tsx: line 218, col 78, Error - No duplicate props allowed (react/jsx-no-duplicate-props)
C:\Users\hp\Desktop\Movie\calcpro-FIXED\calcpro-final-build\src\app\calculator\nepal-provident-fund\Calculator.tsx: line 62, col 78, Error - No duplicate props allowed (react/jsx-no-duplicate-props)
C:\Users\hp\Desktop\Movie\calcpro-FIXED\calcpro-final-build\src\app\calculator\nepal-provident-fund\Calculator.tsx: line 69, col 78, Error - No duplicate props allowed (react/jsx-no-duplicate-props)
C:\Users\hp\Desktop\Movie\calcpro-FIXED\calcpro-final-build\src\app\calculator\nepal-provident-fund\Calculator.tsx: line 73, col 78, Error - No duplicate props allowed (react/jsx-no-duplicate-props)
C:\Users\hp\Desktop\Movie\calcpro-FIXED\calcpro-final-build\src\app\calculator\nepal-salary\Calculator.tsx: line 118, col 76, Error - No duplicate props allowed (react/jsx-no-duplicate-props)
C:\Users\hp\Desktop\Movie\calcpro-FIXED\calcpro-final-build\src\app\calculator\nepal-salary\Calculator.tsx: line 118, col 96, Error - No duplicate props allowed (react/jsx-no-duplicate-props)
C:\Users\hp\Desktop\Movie\calcpro-FIXED\calcpro-final-build\src\app\calculator\nepal-salary\Calculator.tsx: line 126, col 76, Error - No duplicate props allowed (react/jsx-no-duplicate-props)
C:\Users\hp\Desktop\Movie\calcpro-FIXED\calcpro-final-build\src\app\calculator\nepal-salary\Calculator.tsx: line 126, col 96, Error - No duplicate props allowed (react/jsx-no-duplicate-props)
C:\Users\hp\Desktop\Movie\calcpro-FIXED\calcpro-final-build\src\app\calculator\nepal-vat\Calculator.tsx: line 80, col 21, Error - No duplicate props allowed (react/jsx-no-duplicate-props)
C:\Users\hp\Desktop\Movie\calcpro-FIXED\calcpro-final-build\src\app\calculator\nepal-vat\Calculator.tsx: line 81, col 21, Error - No duplicate props allowed (react/jsx-no-duplicate-props)
C:\Users\hp\Desktop\Movie\calcpro-FIXED\calcpro-final-build\src\app\calculator\number-to-words\Calculator.tsx: line 65, col 76, Error - No duplicate props allowed (react/jsx-no-duplicate-props)
C:\Users\hp\Desktop\Movie\calcpro-FIXED\calcpro-final-build\src\app\calculator\percentage\Calculator.tsx: line 53, col 74, Error - No duplicate props allowed (react/jsx-no-duplicate-props)
C:\Users\hp\Desktop\Movie\calcpro-FIXED\calcpro-final-build\src\app\calculator\percentage\Calculator.tsx: line 55, col 74, Error - No duplicate props allowed (react/jsx-no-duplicate-props)
C:\Users\hp\Desktop\Movie\calcpro-FIXED\calcpro-final-build\src\app\calculator\percentage\Calculator.tsx: line 75, col 74, Error - No duplicate props allowed (react/jsx-no-duplicate-props)
C:\Users\hp\Desktop\Movie\calcpro-FIXED\calcpro-final-build\src\app\calculator\percentage\Calculator.tsx: line 77, col 74, Error - No duplicate props allowed (react/jsx-no-duplicate-props)
C:\Users\hp\Desktop\Movie\calcpro-FIXED\calcpro-final-build\src\app\calculator\physics-energy\Calculator.tsx: line 82, col 21, Error - `"` can be escaped with `&quot;`, `&ldquo;`, `&#34;`, `&rdquo;`. (react/no-unescaped-entities)
C:\Users\hp\Desktop\Movie\calcpro-FIXED\calcpro-final-build\src\app\calculator\physics-energy\Calculator.tsx: line 82, col 80, Error - `"` can be escaped with `&quot;`, `&ldquo;`, `&#34;`, `&rdquo;`. (react/no-unescaped-entities)
C:\Users\hp\Desktop\Movie\calcpro-FIXED\calcpro-final-build\src\app\calculator\physics-force\Calculator.tsx: line 66, col 112, Error - `'` can be escaped with `&apos;`, `&lsquo;`, `&#39;`, `&rsquo;`. (react/no-unescaped-entities)
C:\Users\hp\Desktop\Movie\calcpro-FIXED\calcpro-final-build\src\app\calculator\physics-force\Calculator.tsx: line 80, col 21, Error - `"` can be escaped with `&quot;`, `&ldquo;`, `&#34;`, `&rdquo;`. (react/no-unescaped-entities)
C:\Users\hp\Desktop\Movie\calcpro-FIXED\calcpro-final-build\src\app\calculator\physics-force\Calculator.tsx: line 80, col 95, Error - `"` can be escaped with `&quot;`, `&ldquo;`, `&#34;`, `&rdquo;`. (react/no-unescaped-entities)
C:\Users\hp\Desktop\Movie\calcpro-FIXED\calcpro-final-build\src\app\calculator\probability\Calculator.tsx: line 46, col 92, Error - `"` can be escaped with `&quot;`, `&ldquo;`, `&#34;`, `&rdquo;`. (react/no-unescaped-entities)
C:\Users\hp\Desktop\Movie\calcpro-FIXED\calcpro-final-build\src\app\calculator\probability\Calculator.tsx: line 46, col 122, Error - `"` can be escaped with `&quot;`, `&ldquo;`, `&#34;`, `&rdquo;`. (react/no-unescaped-entities)
C:\Users\hp\Desktop\Movie\calcpro-FIXED\calcpro-final-build\src\app\calculator\probability\Calculator.tsx: line 55, col 92, Error - `"` can be escaped with `&quot;`, `&ldquo;`, `&#34;`, `&rdquo;`. (react/no-unescaped-entities)
C:\Users\hp\Desktop\Movie\calcpro-FIXED\calcpro-final-build\src\app\calculator\probability\Calculator.tsx: line 55, col 126, Error - `"` can be escaped with `&quot;`, `&ldquo;`, `&#34;`, `&rdquo;`. (react/no-unescaped-entities)
C:\Users\hp\Desktop\Movie\calcpro-FIXED\calcpro-final-build\src\app\calculator\probability\Calculator.tsx: line 85, col 24, Error - `"` can be escaped with `&quot;`, `&ldquo;`, `&#34;`, `&rdquo;`. (react/no-unescaped-entities)
C:\Users\hp\Desktop\Movie\calcpro-FIXED\calcpro-final-build\src\app\calculator\probability\Calculator.tsx: line 85, col 122, Error - `"` can be escaped with `&quot;`, `&ldquo;`, `&#34;`, `&rdquo;`. (react/no-unescaped-entities)
C:\Users\hp\Desktop\Movie\calcpro-FIXED\calcpro-final-build\src\app\calculator\qr-generator\Calculator.tsx: line 50, col 73, Error - No duplicate props allowed (react/jsx-no-duplicate-props)
C:\Users\hp\Desktop\Movie\calcpro-FIXED\calcpro-final-build\src\app\calculator\quadratic-solver\Calculator.tsx: line 50, col 78, Error - No duplicate props allowed (react/jsx-no-duplicate-props)
C:\Users\hp\Desktop\Movie\calcpro-FIXED\calcpro-final-build\src\app\calculator\quadratic-solver\Calculator.tsx: line 55, col 78, Error - No duplicate props allowed (react/jsx-no-duplicate-props)
C:\Users\hp\Desktop\Movie\calcpro-FIXED\calcpro-final-build\src\app\calculator\quadratic-solver\Calculator.tsx: line 60, col 78, Error - No duplicate props allowed (react/jsx-no-duplicate-props)
C:\Users\hp\Desktop\Movie\calcpro-FIXED\calcpro-final-build\src\app\calculator\roman-numerals\Calculator.tsx: line 92, col 76, Error - No duplicate props allowed (react/jsx-no-duplicate-props)
C:\Users\hp\Desktop\Movie\calcpro-FIXED\calcpro-final-build\src\app\calculator\rounding\Calculator.tsx: line 77, col 21, Error - `"` can be escaped with `&quot;`, `&ldquo;`, `&#34;`, `&rdquo;`. (react/no-unescaped-entities)
C:\Users\hp\Desktop\Movie\calcpro-FIXED\calcpro-final-build\src\app\calculator\rounding\Calculator.tsx: line 77, col 92, Error - `"` can be escaped with `&quot;`, `&ldquo;`, `&#34;`, `&rdquo;`. (react/no-unescaped-entities)
C:\Users\hp\Desktop\Movie\calcpro-FIXED\calcpro-final-build\src\app\calculator\savings\Calculator.tsx: line 51, col 78, Error - No duplicate props allowed (react/jsx-no-duplicate-props)
C:\Users\hp\Desktop\Movie\calcpro-FIXED\calcpro-final-build\src\app\calculator\simple-interest\Calculator.tsx: line 45, col 78, Error - No duplicate props allowed (react/jsx-no-duplicate-props)
C:\Users\hp\Desktop\Movie\calcpro-FIXED\calcpro-final-build\src\app\calculator\simple-interest\Calculator.tsx: line 52, col 78, Error - No duplicate props allowed (react/jsx-no-duplicate-props)
C:\Users\hp\Desktop\Movie\calcpro-FIXED\calcpro-final-build\src\app\calculator\simple-interest\Calculator.tsx: line 56, col 78, Error - No duplicate props allowed (react/jsx-no-duplicate-props)
C:\Users\hp\Desktop\Movie\calcpro-FIXED\calcpro-final-build\src\app\calculator\sip-calculator\Calculator.tsx: line 83, col 74, Error - No duplicate props allowed (react/jsx-no-duplicate-props)
C:\Users\hp\Desktop\Movie\calcpro-FIXED\calcpro-final-build\src\app\calculator\sip-calculator\Calculator.tsx: line 83, col 94, Error - No duplicate props allowed (react/jsx-no-duplicate-props)
C:\Users\hp\Desktop\Movie\calcpro-FIXED\calcpro-final-build\src\app\calculator\sip-calculator\Calculator.tsx: line 92, col 74, Error - No duplicate props allowed (react/jsx-no-duplicate-props)
C:\Users\hp\Desktop\Movie\calcpro-FIXED\calcpro-final-build\src\app\calculator\sip-calculator\Calculator.tsx: line 101, col 74, Error - No duplicate props allowed (react/jsx-no-duplicate-props)
C:\Users\hp\Desktop\Movie\calcpro-FIXED\calcpro-final-build\src\app\calculator\sip-calculator\Calculator.tsx: line 101, col 94, Error - No duplicate props allowed (react/jsx-no-duplicate-props)
C:\Users\hp\Desktop\Movie\calcpro-FIXED\calcpro-final-build\src\app\calculator\tip-calculator\Calculator.tsx: line 45, col 78, Error - No duplicate props allowed (react/jsx-no-duplicate-props)
C:\Users\hp\Desktop\Movie\calcpro-FIXED\calcpro-final-build\src\app\calculator\tip-calculator\Calculator.tsx: line 52, col 78, Error - No duplicate props allowed (react/jsx-no-duplicate-props)
C:\Users\hp\Desktop\Movie\calcpro-FIXED\calcpro-final-build\src\app\calculator\tip-calculator\Calculator.tsx: line 56, col 78, Error - No duplicate props allowed (react/jsx-no-duplicate-props)
C:\Users\hp\Desktop\Movie\calcpro-FIXED\calcpro-final-build\src\app\calculator\unit-converter\Calculator.tsx: line 148, col 78, Error - No duplicate props allowed (react/jsx-no-duplicate-props)
C:\Users\hp\Desktop\Movie\calcpro-FIXED\calcpro-final-build\src\app\calculator\water-intake\Calculator.tsx: line 48, col 76, Error - No duplicate props allowed (react/jsx-no-duplicate-props)
C:\Users\hp\Desktop\Movie\calcpro-FIXED\calcpro-final-build\src\app\calculator\water-intake\Calculator.tsx: line 52, col 76, Error - No duplicate props allowed (react/jsx-no-duplicate-props)
C:\Users\hp\Desktop\Movie\calcpro-FIXED\calcpro-final-build\src\app\calculator\z-score\Calculator.tsx: line 62, col 24, Error - `"` can be escaped with `&quot;`, `&ldquo;`, `&#34;`, `&rdquo;`. (react/no-unescaped-entities)
C:\Users\hp\Desktop\Movie\calcpro-FIXED\calcpro-final-build\src\app\calculator\z-score\Calculator.tsx: line 62, col 122, Error - `"` can be escaped with `&quot;`, `&ldquo;`, `&#34;`, `&rdquo;`. (react/no-unescaped-entities)

98 problems
